[2024-04-22 09:21:30,532: INFO: main: >>>>>> stage Data Ingestion stage started <<<<<<]
[2024-04-22 09:21:30,595: INFO: common: yaml file: config\config.yaml loaded successfully]
[2024-04-22 09:21:30,598: INFO: common: yaml file: params.yaml loaded successfully]
[2024-04-22 09:21:30,602: INFO: common: yaml file: schema.yaml loaded successfully]
[2024-04-22 09:21:30,603: INFO: common: created directory at: artifacts]
[2024-04-22 09:21:30,605: INFO: common: created directory at: artifacts/data_ingestion]
[2024-04-22 09:21:30,827: INFO: data_ingestion: artifacts/data_ingestion/data.zip download! with following info: 
Connection: close
Content-Length: 24857
Cache-Control: max-age=300
Content-Security-Policy: default-src 'none'; style-src 'unsafe-inline'; sandbox
Content-Type: application/zip
ETag: "e72f5befdc6bbe5f0ff08c13d10e7047157387c134ad608b9200dee366dd97d8"
Strict-Transport-Security: max-age=31536000
X-Content-Type-Options: nosniff
X-Frame-Options: deny
X-XSS-Protection: 1; mode=block
X-GitHub-Request-Id: 3532:5A29F:2C89E9:367910:6625DE73
Accept-Ranges: bytes
Date: Mon, 22 Apr 2024 03:51:30 GMT
Via: 1.1 varnish
X-Served-By: cache-bom4749-BOM
X-Cache: HIT
X-Cache-Hits: 0
X-Timer: S1713757891.903985,VS0,VE1
Vary: Authorization,Accept-Encoding,Origin
Access-Control-Allow-Origin: *
Cross-Origin-Resource-Policy: cross-origin
X-Fastly-Request-ID: 1d2fbf297afe1c2991b950e06ce458d89c6879e4
Expires: Mon, 22 Apr 2024 03:56:30 GMT
Source-Age: 79

]
[2024-04-22 09:21:30,877: INFO: main: >>>>>> stage Data Ingestion stage completed <<<<<<

x==========x]
[2024-04-22 09:21:30,877: INFO: main: >>>>>> stage Data Validation stage started <<<<<<]
[2024-04-22 09:21:30,877: INFO: common: yaml file: config\config.yaml loaded successfully]
[2024-04-22 09:21:30,897: INFO: common: yaml file: params.yaml loaded successfully]
[2024-04-22 09:21:30,898: INFO: common: yaml file: schema.yaml loaded successfully]
[2024-04-22 09:21:30,898: INFO: common: created directory at: artifacts]
[2024-04-22 09:21:30,906: INFO: common: created directory at: artifacts/data_validation]
[2024-04-22 09:21:30,959: INFO: stage_02_data_validation: Data validation status: True]
[2024-04-22 09:21:30,959: INFO: main: >>>>>> stage Data Validation stage completed <<<<<<

x==========x]
[2024-04-22 09:21:30,959: INFO: main: >>>>>> stage Data Preprocessing stage started <<<<<<]
[2024-04-22 09:21:30,976: INFO: common: yaml file: config\config.yaml loaded successfully]
[2024-04-22 09:21:30,983: INFO: common: yaml file: params.yaml loaded successfully]
[2024-04-22 09:21:30,992: INFO: common: yaml file: schema.yaml loaded successfully]
[2024-04-22 09:21:30,992: INFO: common: created directory at: artifacts]
[2024-04-22 09:21:30,992: INFO: common: created directory at: artifacts/data_preprocessing]
[2024-04-22 09:21:31,026: INFO: data_preprocessing: Preprocessed data saved to: artifacts/data_preprocessing\preprocessed_data.csv]
[2024-04-22 09:21:31,026: INFO: main: >>>>>> stage Data Preprocessing stage completed <<<<<<

x==========x]
[2024-04-22 09:21:31,026: INFO: main: >>>>>> stage Data Transformation stage started <<<<<<]
[2024-04-22 09:21:31,042: INFO: common: yaml file: config\config.yaml loaded successfully]
[2024-04-22 09:21:31,053: INFO: common: yaml file: params.yaml loaded successfully]
[2024-04-22 09:21:31,059: INFO: common: yaml file: schema.yaml loaded successfully]
[2024-04-22 09:21:31,059: INFO: common: created directory at: artifacts]
[2024-04-22 09:21:31,059: INFO: common: created directory at: artifacts/data_transformation]
[2024-04-22 09:21:31,109: INFO: data_transformation: Splited data into training and test sets]
[2024-04-22 09:21:31,109: INFO: data_transformation: (507, 21)]
[2024-04-22 09:21:31,109: INFO: data_transformation: (169, 21)]
[2024-04-22 09:21:31,109: INFO: main: >>>>>> stage Data Transformation stage completed <<<<<<

x==========x]
[2024-04-22 09:21:31,109: INFO: main: >>>>>> stage Model Trainer stage started <<<<<<]
[2024-04-22 09:21:31,109: INFO: common: yaml file: config\config.yaml loaded successfully]
[2024-04-22 09:21:31,126: INFO: common: yaml file: params.yaml loaded successfully]
[2024-04-22 09:21:31,126: INFO: common: yaml file: schema.yaml loaded successfully]
[2024-04-22 09:21:31,126: INFO: common: created directory at: artifacts]
[2024-04-22 09:21:31,138: INFO: common: created directory at: artifacts/model_trainer]
[2024-04-22 09:21:31,537: INFO: stage_05_model_training: Model trained successfully and saved at: artifacts/model_trainer\model.joblib]
[2024-04-22 09:21:31,537: INFO: main: >>>>>> stage Model Trainer stage completed <<<<<<

x==========x]
[2024-04-22 20:50:56,368: INFO: main: >>>>>> stage Data Ingestion stage started <<<<<<]
[2024-04-22 20:50:56,439: INFO: common: yaml file: config\config.yaml loaded successfully]
[2024-04-22 20:50:56,457: INFO: common: yaml file: params.yaml loaded successfully]
[2024-04-22 20:50:56,472: INFO: common: yaml file: schema.yaml loaded successfully]
[2024-04-22 20:50:56,475: INFO: common: created directory at: artifacts]
[2024-04-22 20:50:56,476: INFO: common: created directory at: artifacts/data_ingestion]
[2024-04-22 20:50:56,478: INFO: data_ingestion: File already exists of size: ~ 24 KB]
[2024-04-22 20:50:56,500: INFO: main: >>>>>> stage Data Ingestion stage completed <<<<<<

x==========x]
[2024-04-22 20:50:56,501: INFO: main: >>>>>> stage Data Validation stage started <<<<<<]
[2024-04-22 20:50:56,507: INFO: common: yaml file: config\config.yaml loaded successfully]
[2024-04-22 20:50:56,510: INFO: common: yaml file: params.yaml loaded successfully]
[2024-04-22 20:50:56,517: INFO: common: yaml file: schema.yaml loaded successfully]
[2024-04-22 20:50:56,520: INFO: common: created directory at: artifacts]
[2024-04-22 20:50:56,521: INFO: common: created directory at: artifacts/data_validation]
[2024-04-22 20:50:56,574: INFO: stage_02_data_validation: Data validation status: True]
[2024-04-22 20:50:56,574: INFO: main: >>>>>> stage Data Validation stage completed <<<<<<

x==========x]
[2024-04-22 20:50:56,574: INFO: main: >>>>>> stage Data Preprocessing stage started <<<<<<]
[2024-04-22 20:50:56,588: INFO: common: yaml file: config\config.yaml loaded successfully]
[2024-04-22 20:50:56,595: INFO: common: yaml file: params.yaml loaded successfully]
[2024-04-22 20:50:56,603: INFO: common: yaml file: schema.yaml loaded successfully]
[2024-04-22 20:50:56,605: INFO: common: created directory at: artifacts]
[2024-04-22 20:50:56,606: INFO: common: created directory at: artifacts/data_preprocessing]
[2024-04-22 20:50:56,641: INFO: data_preprocessing: Preprocessed data saved to: artifacts/data_preprocessing\preprocessed_data.csv]
[2024-04-22 20:50:56,642: INFO: main: >>>>>> stage Data Preprocessing stage completed <<<<<<

x==========x]
[2024-04-22 20:50:56,643: INFO: main: >>>>>> stage Data Transformation stage started <<<<<<]
[2024-04-22 20:50:56,659: INFO: common: yaml file: config\config.yaml loaded successfully]
[2024-04-22 20:50:56,662: INFO: common: yaml file: params.yaml loaded successfully]
[2024-04-22 20:50:56,663: INFO: common: yaml file: schema.yaml loaded successfully]
[2024-04-22 20:50:56,663: INFO: common: created directory at: artifacts]
[2024-04-22 20:50:56,663: INFO: common: created directory at: artifacts/data_transformation]
[2024-04-22 20:50:56,714: INFO: data_transformation: Splited data into training and test sets]
[2024-04-22 20:50:56,714: INFO: data_transformation: (507, 21)]
[2024-04-22 20:50:56,714: INFO: data_transformation: (169, 21)]
[2024-04-22 20:50:56,714: INFO: main: >>>>>> stage Data Transformation stage completed <<<<<<

x==========x]
[2024-04-22 20:50:56,714: INFO: main: >>>>>> stage Model Trainer stage started <<<<<<]
[2024-04-22 20:50:56,726: INFO: common: yaml file: config\config.yaml loaded successfully]
[2024-04-22 20:50:56,729: INFO: common: yaml file: params.yaml loaded successfully]
[2024-04-22 20:50:56,731: INFO: common: yaml file: schema.yaml loaded successfully]
[2024-04-22 20:50:56,731: INFO: common: created directory at: artifacts]
[2024-04-22 20:50:56,736: INFO: common: created directory at: artifacts/model_trainer]
[2024-04-22 20:50:57,123: INFO: stage_05_model_training: Model trained successfully and saved at: artifacts/model_trainer\model.joblib]
[2024-04-22 20:50:57,123: INFO: main: >>>>>> stage Model Trainer stage completed <<<<<<

x==========x]
