[2024-04-16 23:20:06,270: INFO: 1424456573: yaml file: D:\practice\MLproject\config\config.yaml loaded successfully]
[2024-04-16 23:21:48,063: INFO: 1424456573: yaml file: D:\practice\MLproject\config\config.yaml loaded successfully]
[2024-04-16 23:21:48,066: INFO: 1424456573: yaml file: D:\practice\MLproject\params.yaml loaded successfully]
[2024-04-16 23:46:27,638: INFO: 1424456573: yaml file: D:\practice\MLproject\config\config.yaml loaded successfully]
[2024-04-16 23:46:27,642: INFO: 1424456573: yaml file: D:\practice\MLproject\params.yaml loaded successfully]
[2024-04-17 09:31:40,095: INFO: common: yaml file: D:\practice\MLproject\config\config.yaml loaded successfully]
[2024-04-17 09:31:40,101: INFO: common: yaml file: D:\practice\MLproject\params.yaml loaded successfully]
[2024-04-17 09:31:40,131: INFO: common: yaml file: D:\practice\MLproject\schema.yaml loaded successfully]
[2024-04-17 09:31:40,134: INFO: common: created directory at: artifacts]
[2024-04-17 09:31:40,136: INFO: common: created directory at: artifacts/data_ingestion]
[2024-04-17 09:34:49,133: INFO: common: yaml file: D:\practice\MLproject\config\config.yaml loaded successfully]
[2024-04-17 09:34:49,136: INFO: common: yaml file: D:\practice\MLproject\params.yaml loaded successfully]
[2024-04-17 09:34:49,143: INFO: common: yaml file: D:\practice\MLproject\schema.yaml loaded successfully]
[2024-04-17 09:34:49,146: INFO: common: created directory at: artifacts]
[2024-04-17 09:34:49,148: INFO: common: created directory at: artifacts/data_ingestion]
[2024-04-17 09:34:49,984: INFO: 489543768: artifacts/data_ingestion/data.zip download! with following info: 
Connection: close
Content-Length: 24857
Cache-Control: max-age=300
Content-Security-Policy: default-src 'none'; style-src 'unsafe-inline'; sandbox
Content-Type: application/zip
ETag: "e72f5befdc6bbe5f0ff08c13d10e7047157387c134ad608b9200dee366dd97d8"
Strict-Transport-Security: max-age=31536000
X-Content-Type-Options: nosniff
X-Frame-Options: deny
X-XSS-Protection: 1; mode=block
X-GitHub-Request-Id: B120:396F24:3A5E1B:4E1B53:661F4A61
Accept-Ranges: bytes
Date: Wed, 17 Apr 2024 04:04:49 GMT
Via: 1.1 varnish
X-Served-By: cache-bom4725-BOM
X-Cache: MISS
X-Cache-Hits: 0
X-Timer: S1713326690.724053,VS0,VE263
Vary: Authorization,Accept-Encoding,Origin
Access-Control-Allow-Origin: *
Cross-Origin-Resource-Policy: cross-origin
X-Fastly-Request-ID: d9dd67091ca665e5f20c5bbfed47dc9c1379c196
Expires: Wed, 17 Apr 2024 04:09:49 GMT
Source-Age: 0

]
[2024-04-20 09:50:52,588: INFO: common: yaml file: D:\practice\MLproject\config\config.yaml loaded successfully]
[2024-04-20 09:50:52,601: INFO: common: yaml file: D:\practice\MLproject\params.yaml loaded successfully]
[2024-04-20 09:50:52,619: INFO: common: yaml file: D:\practice\MLproject\schema.yaml loaded successfully]
[2024-04-20 09:50:52,622: INFO: common: created directory at: artifacts]
[2024-04-20 09:50:52,624: INFO: common: created directory at: artifacts/data_ingestion]
[2024-04-20 09:50:53,736: INFO: 489543768: artifacts/data_ingestion/data.zip download! with following info: 
Connection: close
Content-Length: 24857
Cache-Control: max-age=300
Content-Security-Policy: default-src 'none'; style-src 'unsafe-inline'; sandbox
Content-Type: application/zip
ETag: "e72f5befdc6bbe5f0ff08c13d10e7047157387c134ad608b9200dee366dd97d8"
Strict-Transport-Security: max-age=31536000
X-Content-Type-Options: nosniff
X-Frame-Options: deny
X-XSS-Protection: 1; mode=block
X-GitHub-Request-Id: 2280:ACE3F:9C6FAF:B8AA38:662342A4
Accept-Ranges: bytes
Date: Sat, 20 Apr 2024 04:20:54 GMT
Via: 1.1 varnish
X-Served-By: cache-bom4743-BOM
X-Cache: MISS
X-Cache-Hits: 0
X-Timer: S1713586854.888190,VS0,VE382
Vary: Authorization,Accept-Encoding,Origin
Access-Control-Allow-Origin: *
Cross-Origin-Resource-Policy: cross-origin
X-Fastly-Request-ID: 9dc2626902ee7223fd651f86cc74b3ee394a7afe
Expires: Sat, 20 Apr 2024 04:25:54 GMT
Source-Age: 0

]
[2024-04-20 12:09:38,410: INFO: common: yaml file: D:\practice\MLproject\config\config.yaml loaded successfully]
[2024-04-20 12:09:38,414: INFO: common: yaml file: D:\practice\MLproject\params.yaml loaded successfully]
[2024-04-20 12:09:38,443: INFO: common: yaml file: D:\practice\MLproject\schema.yaml loaded successfully]
[2024-04-20 12:09:38,446: INFO: common: created directory at: artifacts]
[2024-04-20 12:09:38,448: INFO: common: created directory at: artifacts/data_validation]
[2024-04-20 12:10:56,810: INFO: common: yaml file: D:\practice\MLproject\config\config.yaml loaded successfully]
[2024-04-20 12:10:56,813: INFO: common: yaml file: D:\practice\MLproject\params.yaml loaded successfully]
[2024-04-20 12:10:56,817: INFO: common: yaml file: D:\practice\MLproject\schema.yaml loaded successfully]
[2024-04-20 12:10:56,817: INFO: common: created directory at: artifacts]
[2024-04-20 12:10:56,817: INFO: common: created directory at: artifacts/data_validation]
[2024-04-20 12:14:44,528: INFO: common: yaml file: D:\practice\MLproject\config\config.yaml loaded successfully]
[2024-04-20 12:14:44,531: INFO: common: yaml file: D:\practice\MLproject\params.yaml loaded successfully]
[2024-04-20 12:14:44,543: INFO: common: yaml file: D:\practice\MLproject\schema.yaml loaded successfully]
[2024-04-20 12:14:44,546: INFO: common: created directory at: artifacts]
[2024-04-20 12:14:44,548: INFO: common: created directory at: artifacts/data_validation]
[2024-04-20 12:16:01,713: INFO: common: yaml file: D:\practice\MLproject\config\config.yaml loaded successfully]
[2024-04-20 12:16:01,718: INFO: common: yaml file: D:\practice\MLproject\params.yaml loaded successfully]
[2024-04-20 12:16:01,727: INFO: common: yaml file: D:\practice\MLproject\schema.yaml loaded successfully]
[2024-04-20 12:16:01,730: INFO: common: created directory at: artifacts]
[2024-04-20 12:16:01,734: INFO: common: created directory at: artifacts/data_validation]
[2024-04-20 12:27:36,110: INFO: common: yaml file: D:\practice\MLproject\config\config.yaml loaded successfully]
[2024-04-20 12:27:36,114: INFO: common: yaml file: D:\practice\MLproject\params.yaml loaded successfully]
[2024-04-20 12:27:36,139: INFO: common: yaml file: D:\practice\MLproject\schema.yaml loaded successfully]
[2024-04-20 12:27:36,141: INFO: common: created directory at: artifacts]
[2024-04-20 12:27:36,143: INFO: common: created directory at: artifacts/data_validation]
[2024-04-20 19:05:03,919: INFO: common: yaml file: D:\practice\MLproject\config\config.yaml loaded successfully]
[2024-04-20 19:05:03,952: INFO: common: yaml file: D:\practice\MLproject\params.yaml loaded successfully]
[2024-04-20 19:05:03,972: INFO: common: yaml file: D:\practice\MLproject\schema.yaml loaded successfully]
[2024-04-20 19:05:03,976: INFO: common: created directory at: artifacts]
[2024-04-20 19:05:03,978: INFO: common: created directory at: artifacts/data_ingestion]
[2024-04-20 19:05:05,043: INFO: 489543768: artifacts/data_ingestion/data.zip download! with following info: 
Connection: close
Content-Length: 24857
Cache-Control: max-age=300
Content-Security-Policy: default-src 'none'; style-src 'unsafe-inline'; sandbox
Content-Type: application/zip
ETag: "e72f5befdc6bbe5f0ff08c13d10e7047157387c134ad608b9200dee366dd97d8"
Strict-Transport-Security: max-age=31536000
X-Content-Type-Options: nosniff
X-Frame-Options: deny
X-XSS-Protection: 1; mode=block
X-GitHub-Request-Id: 2C24:240D4B:22EE77:2E96AE:6623C488
Accept-Ranges: bytes
Date: Sat, 20 Apr 2024 13:35:05 GMT
Via: 1.1 varnish
X-Served-By: cache-maa10230-MAA
X-Cache: MISS
X-Cache-Hits: 0
X-Timer: S1713620105.997102,VS0,VE278
Vary: Authorization,Accept-Encoding,Origin
Access-Control-Allow-Origin: *
Cross-Origin-Resource-Policy: cross-origin
X-Fastly-Request-ID: 6694f7371474446a2c356e1c8f04e718619bfe70
Expires: Sat, 20 Apr 2024 13:40:05 GMT
Source-Age: 0

]
[2024-04-20 19:13:24,684: INFO: common: yaml file: D:\practice\MLproject\config\config.yaml loaded successfully]
[2024-04-20 19:13:24,695: INFO: common: yaml file: D:\practice\MLproject\params.yaml loaded successfully]
[2024-04-20 19:13:24,720: INFO: common: yaml file: D:\practice\MLproject\schema.yaml loaded successfully]
[2024-04-20 19:13:24,723: INFO: common: created directory at: artifacts]
[2024-04-20 19:13:24,727: INFO: common: created directory at: artifacts/data_validation]
[2024-04-20 19:58:37,959: INFO: common: yaml file: D:\practice\MLproject\config\config.yaml loaded successfully]
[2024-04-20 19:58:37,962: INFO: common: yaml file: D:\practice\MLproject\params.yaml loaded successfully]
[2024-04-20 19:58:37,962: INFO: common: yaml file: D:\practice\MLproject\schema.yaml loaded successfully]
[2024-04-20 19:58:37,979: INFO: common: created directory at: artifacts]
[2024-04-20 20:19:11,114: INFO: common: yaml file: D:\practice\MLproject\config\config.yaml loaded successfully]
[2024-04-20 20:19:11,120: INFO: common: yaml file: D:\practice\MLproject\params.yaml loaded successfully]
[2024-04-20 20:19:11,130: INFO: common: yaml file: D:\practice\MLproject\schema.yaml loaded successfully]
[2024-04-20 20:19:11,133: INFO: common: created directory at: artifacts]
[2024-04-20 22:53:01,724: INFO: common: yaml file: D:\practice\MLproject\config\config.yaml loaded successfully]
[2024-04-20 22:53:01,724: INFO: common: yaml file: D:\practice\MLproject\params.yaml loaded successfully]
[2024-04-20 22:53:01,740: INFO: common: yaml file: D:\practice\MLproject\schema.yaml loaded successfully]
[2024-04-20 22:53:01,742: INFO: common: created directory at: artifacts]
[2024-04-20 23:06:55,109: INFO: common: yaml file: D:\practice\MLproject\config\config.yaml loaded successfully]
[2024-04-20 23:06:55,115: INFO: common: yaml file: D:\practice\MLproject\params.yaml loaded successfully]
[2024-04-20 23:06:55,121: INFO: common: yaml file: D:\practice\MLproject\schema.yaml loaded successfully]
[2024-04-20 23:06:55,121: INFO: common: created directory at: artifacts]
[2024-04-20 23:06:55,133: INFO: common: created directory at: artifacts/data_preprocessing]
[2024-04-20 23:08:34,563: INFO: common: yaml file: D:\practice\MLproject\config\config.yaml loaded successfully]
[2024-04-20 23:08:34,568: INFO: common: yaml file: D:\practice\MLproject\params.yaml loaded successfully]
[2024-04-20 23:08:34,573: INFO: common: yaml file: D:\practice\MLproject\schema.yaml loaded successfully]
[2024-04-20 23:08:34,581: INFO: common: created directory at: artifacts]
[2024-04-20 23:08:34,581: INFO: common: created directory at: artifacts/data_preprocessing]
[2024-04-20 23:08:34,581: ERROR: 3640878754: Error occurred while dropping columns: 'DataPreprocessConfig' object has no attribute 'data_dir']
[2024-04-20 23:09:58,917: INFO: common: yaml file: D:\practice\MLproject\config\config.yaml loaded successfully]
[2024-04-20 23:09:58,917: INFO: common: yaml file: D:\practice\MLproject\params.yaml loaded successfully]
[2024-04-20 23:09:58,934: INFO: common: yaml file: D:\practice\MLproject\schema.yaml loaded successfully]
[2024-04-20 23:09:58,936: INFO: common: created directory at: artifacts]
[2024-04-20 23:09:58,938: INFO: common: created directory at: artifacts/data_preprocessing]
[2024-04-20 23:09:59,014: ERROR: 649875911: Error occurred while dropping columns: 'module' object is not callable]
[2024-04-20 23:12:31,405: INFO: common: yaml file: D:\practice\MLproject\config\config.yaml loaded successfully]
[2024-04-20 23:12:31,409: INFO: common: yaml file: D:\practice\MLproject\params.yaml loaded successfully]
[2024-04-20 23:12:31,413: INFO: common: yaml file: D:\practice\MLproject\schema.yaml loaded successfully]
[2024-04-20 23:12:31,413: INFO: common: created directory at: artifacts]
[2024-04-20 23:12:31,413: INFO: common: created directory at: artifacts/data_preprocessing]
[2024-04-20 23:12:31,449: ERROR: 3572207511: Error occurred while dropping columns: Cannot save file into a non-existent directory: 'artifacts\data_preprocessing\pre_retail_price.csv']
[2024-04-20 23:13:52,945: INFO: common: yaml file: D:\practice\MLproject\config\config.yaml loaded successfully]
[2024-04-20 23:13:52,949: INFO: common: yaml file: D:\practice\MLproject\params.yaml loaded successfully]
[2024-04-20 23:13:52,953: INFO: common: yaml file: D:\practice\MLproject\schema.yaml loaded successfully]
[2024-04-20 23:13:52,953: INFO: common: created directory at: artifacts]
[2024-04-20 23:13:52,953: INFO: common: created directory at: artifacts/data_preprocessing]
[2024-04-20 23:13:53,022: INFO: 1894035854: Dropped columns from DataFrame and loaded csv file in:artifacts\data_preprocessing\pre_retail_price.csv ]
[2024-04-20 23:20:31,365: INFO: common: yaml file: D:\practice\MLproject\config\config.yaml loaded successfully]
[2024-04-20 23:20:31,376: INFO: common: yaml file: D:\practice\MLproject\params.yaml loaded successfully]
[2024-04-20 23:20:31,384: INFO: common: yaml file: D:\practice\MLproject\schema.yaml loaded successfully]
[2024-04-20 23:20:31,386: INFO: common: created directory at: artifacts]
[2024-04-20 23:20:31,388: INFO: common: created directory at: artifacts/data_preprocessing]
[2024-04-20 23:21:06,783: INFO: common: yaml file: D:\practice\MLproject\config\config.yaml loaded successfully]
[2024-04-20 23:21:06,792: INFO: common: yaml file: D:\practice\MLproject\params.yaml loaded successfully]
[2024-04-20 23:21:06,800: INFO: common: yaml file: D:\practice\MLproject\schema.yaml loaded successfully]
[2024-04-20 23:21:06,803: INFO: common: created directory at: artifacts]
[2024-04-20 23:21:06,805: INFO: common: created directory at: artifacts/data_preprocessing]
[2024-04-20 23:21:06,858: INFO: 1894035854: Dropped columns from DataFrame and loaded csv file in:artifacts\data_preprocessing ]
[2024-04-21 19:07:05,027: INFO: common: yaml file: D:\practice\MLproject\config\config.yaml loaded successfully]
[2024-04-21 19:07:05,120: INFO: common: yaml file: D:\practice\MLproject\params.yaml loaded successfully]
[2024-04-21 19:07:05,207: INFO: common: yaml file: D:\practice\MLproject\schema.yaml loaded successfully]
[2024-04-21 19:07:05,210: INFO: common: created directory at: artifacts]
[2024-04-21 19:07:05,213: INFO: common: created directory at: artifacts/data_preprocessing]
[2024-04-21 19:07:05,284: INFO: 1894035854: Dropped columns from DataFrame and loaded csv file in:artifacts\data_preprocessing ]
[2024-04-21 19:24:19,449: INFO: common: yaml file: D:\practice\MLproject\config\config.yaml loaded successfully]
[2024-04-21 19:24:19,466: INFO: common: yaml file: D:\practice\MLproject\params.yaml loaded successfully]
[2024-04-21 19:24:19,478: INFO: common: yaml file: D:\practice\MLproject\schema.yaml loaded successfully]
[2024-04-21 19:24:19,482: INFO: common: created directory at: artifacts]
[2024-04-21 19:24:19,484: INFO: common: created directory at: artifacts/data_preprocessing]
[2024-04-21 19:25:09,279: INFO: common: yaml file: D:\practice\MLproject\config\config.yaml loaded successfully]
[2024-04-21 19:25:09,279: INFO: common: yaml file: D:\practice\MLproject\params.yaml loaded successfully]
[2024-04-21 19:25:09,298: INFO: common: yaml file: D:\practice\MLproject\schema.yaml loaded successfully]
[2024-04-21 19:25:09,299: INFO: common: created directory at: artifacts]
[2024-04-21 19:25:09,301: INFO: common: created directory at: artifacts/data_preprocessing]
[2024-04-21 19:25:09,348: INFO: 2552051706: Preprocessed data saved to: artifacts/data_preprocessing\preprocessed_data.csv]
[2024-04-21 19:25:42,712: INFO: common: yaml file: D:\practice\MLproject\config\config.yaml loaded successfully]
[2024-04-21 19:25:42,718: INFO: common: yaml file: D:\practice\MLproject\params.yaml loaded successfully]
[2024-04-21 19:25:42,730: INFO: common: yaml file: D:\practice\MLproject\schema.yaml loaded successfully]
[2024-04-21 19:25:42,732: INFO: common: created directory at: artifacts]
[2024-04-21 19:25:42,732: INFO: common: created directory at: artifacts/data_validation]
[2024-04-21 19:30:41,663: INFO: common: yaml file: D:\practice\MLproject\config\config.yaml loaded successfully]
[2024-04-21 19:30:41,685: INFO: common: yaml file: D:\practice\MLproject\params.yaml loaded successfully]
[2024-04-21 19:30:41,689: INFO: common: yaml file: D:\practice\MLproject\schema.yaml loaded successfully]
[2024-04-21 19:30:41,689: INFO: common: created directory at: artifacts]
[2024-04-21 19:30:41,689: INFO: common: created directory at: artifacts/data_preprocessing]
[2024-04-21 19:30:41,755: INFO: 2552051706: Preprocessed data saved to: artifacts/data_preprocessing\preprocessed_data.csv]
[2024-04-21 20:22:22,192: INFO: common: yaml file: D:\practice\MLproject\config\config.yaml loaded successfully]
[2024-04-21 20:22:22,196: INFO: common: yaml file: D:\practice\MLproject\params.yaml loaded successfully]
[2024-04-21 20:22:22,203: INFO: common: yaml file: D:\practice\MLproject\schema.yaml loaded successfully]
[2024-04-21 20:22:22,205: INFO: common: created directory at: artifacts]
[2024-04-21 20:22:22,206: INFO: common: created directory at: artifacts/data_transformation]
[2024-04-21 20:22:22,247: INFO: 741865018: Splited data into training and test sets]
[2024-04-21 20:22:22,249: INFO: 741865018: (507, 21)]
[2024-04-21 20:22:22,252: INFO: 741865018: (169, 21)]
[2024-04-21 21:22:12,472: INFO: common: yaml file: D:\practice\MLproject\config\config.yaml loaded successfully]
[2024-04-21 21:22:12,472: INFO: common: yaml file: D:\practice\MLproject\params.yaml loaded successfully]
[2024-04-21 21:22:12,490: INFO: common: yaml file: D:\practice\MLproject\schema.yaml loaded successfully]
[2024-04-21 21:22:12,492: INFO: common: created directory at: artifacts]
[2024-04-21 21:22:12,494: INFO: common: created directory at: artifacts/model_trainer]
[2024-04-21 21:41:32,215: INFO: common: yaml file: D:\practice\MLproject\config\config.yaml loaded successfully]
[2024-04-21 21:41:32,223: INFO: common: yaml file: D:\practice\MLproject\params.yaml loaded successfully]
[2024-04-21 21:41:32,232: INFO: common: yaml file: D:\practice\MLproject\schema.yaml loaded successfully]
[2024-04-21 21:41:32,235: INFO: common: created directory at: artifacts]
[2024-04-21 21:41:32,235: INFO: common: created directory at: artifacts/model_trainer]
[2024-04-21 21:41:32,663: INFO: 1990927345: Model trained successfully and saved at: artifacts/model_trainer\model.joblib]
[2024-04-25 10:07:18,461: INFO: common: yaml file: D:\practice\MLproject\config\config.yaml loaded successfully]
[2024-04-25 10:07:18,465: INFO: common: yaml file: D:\practice\MLproject\params.yaml loaded successfully]
[2024-04-25 10:07:18,496: INFO: common: yaml file: D:\practice\MLproject\schema.yaml loaded successfully]
[2024-04-25 10:07:18,499: INFO: common: created directory at: artifacts]
[2024-04-25 10:07:18,501: INFO: common: created directory at: artifacts/data_preprocessing]
[2024-04-25 10:07:18,501: ERROR: 2338316395: Error occurred during data preprocessing: [Errno 2] No such file or directory: 'artifacts/data_ingestion/retail_price.csv']
